2002.10.28 07:52 A c:\unix_oracle\Unix_scripts\alex_lowercase.ksh <-- hp_c_dr_unix_23 /usr4/local/development/reports/inputs alex_lowercase.ksh
2002.10.28 07:52 A c:\unix_oracle\Unix_scripts\al_r018e.ksh <-- hp_c_dr_unix_23 /usr4/local/development/reports/inputs al_r018e.ksh
2002.10.28 07:52 A c:\unix_oracle\Unix_scripts\al_test.ksh <-- hp_c_dr_unix_23 /usr4/local/development/reports/inputs al_test.ksh
2002.10.28 07:54 A c:\unix_oracle\Unix_scripts\jec_ccpo-id.ksh <-- hp_c_dr_unix_23 /usr4/local/development/reports/inputs jec_ccpo-id.ksh
2002.10.28 07:54 A c:\unix_oracle\Unix_scripts\jec_cut.41.ksh <-- hp_c_dr_unix_23 /usr4/local/development/reports/inputs jec_cut.41.ksh
2002.10.28 07:54 A c:\unix_oracle\Unix_scripts\jec_cut_35_57.ksh <-- hp_c_dr_unix_23 /usr4/local/development/reports/inputs jec_cut_35_57.ksh
2002.10.28 07:54 A c:\unix_oracle\Unix_scripts\match.ksh <-- hp_c_dr_unix_23 /usr4/local/development/reports/inputs match.ksh
2002.10.28 07:56 A c:\unix_oracle\Unix_scripts\al_ftpput.ksh <-- hp_c_dr_unix_23 /usr4/local/development/reports/scripts al_ftpput.ksh
2002.10.28 07:56 A c:\unix_oracle\Unix_scripts\al_get_prg.ksh <-- hp_c_dr_unix_23 /usr4/local/development/reports/scripts al_get_prg.ksh
2002.10.28 07:57 A c:\unix_oracle\Unix_scripts\al_q0156.ksh <-- hp_c_dr_unix_23 /usr4/local/development/reports/scripts al_q0156.ksh
2002.10.28 08:03 A c:\unix_oracle\Unix_scripts\exportdate.ksh <-- hp_c_dr_unix_23 /usr4/local/development/reports/scripts exportdate
2002.10.28 08:14 A c:\unix_oracle\Unix_scripts\jec_cnt_44.ksh <-- hp_c_dr_unix_23 /usr4/local/development/reports/tapes jec_cnt_44.ksh
2002.10.28 11:15 A C:\unix_oracle\UNIX\Unix_scripts\zmam42a2.ksh <-- hp_c_drive_21 /usr17/local/development/reports/scripts zmam42a2.ksh
2002.10.28 11:16 A C:\unix_oracle\UNIX\Unix_scripts\zmam42a2.ksh <-- hp_c_drive_21 /usr17/local/development/reports/scripts zmam42a2.ksh
2003.07.09 13:18 B C:\unix_oracle\UNIX\Unix_scripts\al_crt_cpy.ksh <-- hp_sf113_23 /usr37/local/development/reports/library al_crt_cpy.ksh
2003.07.09 13:19 B C:\unix_oracle\UNIX\Unix_scripts\reports_menu <-- hp_sf113_23 /usr37/local/development/bin reports_menu
2003.07.09 13:19 A C:\unix_oracle\UNIX\Unix_scripts\reports_menu <-- hp_sf113_23 /usr37/local/development/bin reports_menu
2003.07.09 13:20 A C:\unix_oracle\UNIX\Unix_scripts\al_crt_cpy.ksh --> 128.190.160.23 /usr37/local/development/bin al_crt_cpy.ksh
2003.07.09 13:20 A C:\unix_oracle\UNIX\Unix_scripts\al_crt_cpy.ksh <-- hp_sf113_23 /usr37/local/development/reports/library al_crt_cpy.ksh
2003.07.21 10:21 A C:\Unix_my_scripts\UNIX\Unix_scripts\al_concatenate.ksh --> 128.190.160.23 /home/clendenj/office/scripts jec_concatenate.ksh
2003.12.22 10:52 A C:\Unix_my_scripts\UNIX\Unix_scripts\ftpbuildlist <-- hp_c_dr_unix_23 /usr37/local/development/bin ftpbuildlist
2003.12.22 10:52 A C:\Unix_my_scripts\UNIX\Unix_scripts\ftpbuildlist_prod <-- hp_c_dr_unix_23 /usr37/local/development/bin ftpbuildlist_prod
2003.12.22 10:52 A C:\Unix_my_scripts\UNIX\Unix_scripts\ftpputlist_prod <-- hp_c_dr_unix_23 /usr37/local/development/bin ftpputlist_prod
2003.12.24 07:49 A C:\Unix_my_scripts\UNIX\Unix_scripts\jec_0126.ksh <-- hp_sf113_23 /usr37/local/development/reports/scripts jec_0126.ksh
2003.12.24 07:59 A C:\Unix_my_scripts\UNIX\Unix_scripts\al_26_653_16_2.ksh <-- hp_sf113_23 /usr37/local/development/reports/scripts al_26_653_16_2.ksh
2003.12.24 07:59 A C:\Unix_my_scripts\UNIX\Unix_scripts\al_59_653_16_2.ksh <-- hp_sf113_23 /usr37/local/development/reports/scripts al_59_653_16_2.ksh
2003.12.24 07:59 A C:\Unix_my_scripts\UNIX\Unix_scripts\al_cps.ksh <-- hp_sf113_23 /usr37/local/development/reports/scripts al_cps.ksh
2003.12.24 07:59 A C:\Unix_my_scripts\UNIX\Unix_scripts\al_ctg.ksh <-- hp_sf113_23 /usr37/local/development/reports/scripts al_ctg.ksh
2004.03.18 11:57 A C:\Unix_my_scripts\UNIX\Unix_scripts\ftpputlist_prod --> 128.190.160.23 /usr37/local/development/bin ftpputlist_prod
