2004.06.23 13:29 A C:\Unix_my_scripts\UNIX\Unix_scripts\Unix_scr_062304\jec35.ksh <-- hp_sf113_23 /usr37/local/development/reports/inputs jec35.ksh
2004.06.23 13:29 A C:\Unix_my_scripts\UNIX\Unix_scripts\Unix_scr_062304\jec_28_insp.ksh <-- hp_sf113_23 /usr37/local/development/reports/inputs jec_28_insp.ksh
2004.06.23 13:29 A C:\Unix_my_scripts\UNIX\Unix_scripts\Unix_scr_062304\jec_31_sed.ksh <-- hp_sf113_23 /usr37/local/development/reports/inputs jec_31_sed.ksh
2004.06.23 13:29 A C:\Unix_my_scripts\UNIX\Unix_scripts\Unix_scr_062304\jec_42_turky.ksh <-- hp_sf113_23 /usr37/local/development/reports/inputs jec_42_turky.ksh
2004.06.23 13:29 A C:\Unix_my_scripts\UNIX\Unix_scripts\Unix_scr_062304\jec_57_gsa.ksh <-- hp_sf113_23 /usr37/local/development/reports/inputs jec_57_gsa.ksh
2004.06.23 13:29 A C:\Unix_my_scripts\UNIX\Unix_scripts\Unix_scr_062304\jec_57_opm.ksh <-- hp_sf113_23 /usr37/local/development/reports/inputs jec_57_opm.ksh
2004.06.23 13:29 A C:\Unix_my_scripts\UNIX\Unix_scripts\Unix_scr_062304\jec_57_play.ksh <-- hp_sf113_23 /usr37/local/development/reports/inputs jec_57_play.ksh
2004.06.23 13:29 A C:\Unix_my_scripts\UNIX\Unix_scripts\Unix_scr_062304\jec_57_ssn.ksh <-- hp_sf113_23 /usr37/local/development/reports/inputs jec_57_ssn.ksh
2004.06.23 13:29 A C:\Unix_my_scripts\UNIX\Unix_scripts\Unix_scr_062304\jec_57u.ksh <-- hp_sf113_23 /usr37/local/development/reports/inputs jec_57u.ksh
2004.06.23 13:29 A C:\Unix_my_scripts\UNIX\Unix_scripts\Unix_scr_062304\jec_57U.ksh <-- hp_sf113_23 /usr37/local/development/reports/inputs jec_57U.ksh
2004.06.23 13:29 A C:\Unix_my_scripts\UNIX\Unix_scripts\Unix_scr_062304\jec_agcy.ksh <-- hp_sf113_23 /usr37/local/development/reports/inputs jec_agcy.ksh
2004.06.23 13:29 A C:\Unix_my_scripts\UNIX\Unix_scripts\Unix_scr_062304\jec_agy.ksh <-- hp_sf113_23 /usr37/local/development/reports/inputs jec_agy.ksh
2004.06.23 13:29 A C:\Unix_my_scripts\UNIX\Unix_scripts\Unix_scr_062304\jec_awk_57.ksh <-- hp_sf113_23 /usr37/local/development/reports/inputs jec_awk_57.ksh
2004.06.23 13:29 A C:\Unix_my_scripts\UNIX\Unix_scripts\Unix_scr_062304\jec_awk_57u1.ksh <-- hp_sf113_23 /usr37/local/development/reports/inputs jec_awk_57u1.ksh
2004.06.23 13:29 A C:\Unix_my_scripts\UNIX\Unix_scripts\Unix_scr_062304\jec_car_11.ksh <-- hp_sf113_23 /usr37/local/development/reports/inputs jec_car_11.ksh
2004.06.23 13:29 A C:\Unix_my_scripts\UNIX\Unix_scripts\Unix_scr_062304\jec_ccpo-id.ksh <-- hp_sf113_23 /usr37/local/development/reports/inputs jec_ccpo-id.ksh
2004.06.23 13:29 A C:\Unix_my_scripts\UNIX\Unix_scripts\Unix_scr_062304\jec_cmd.ksh <-- hp_sf113_23 /usr37/local/development/reports/inputs jec_cmd.ksh
2004.06.23 13:29 A C:\Unix_my_scripts\UNIX\Unix_scripts\Unix_scr_062304\jec_create_zma01a7.ksh <-- hp_sf113_23 /usr37/local/development/reports/inputs jec_create_zma01a7.ksh
2004.06.23 13:29 A C:\Unix_my_scripts\UNIX\Unix_scripts\Unix_scr_062304\jec_cut.41.ksh <-- hp_sf113_23 /usr37/local/development/reports/inputs jec_cut.41.ksh
2004.06.23 13:29 A C:\Unix_my_scripts\UNIX\Unix_scripts\Unix_scr_062304\jec_cut57u1.ksh <-- hp_sf113_23 /usr37/local/development/reports/inputs jec_cut57u1.ksh
2004.06.23 13:29 A C:\Unix_my_scripts\UNIX\Unix_scripts\Unix_scr_062304\jec_cut_35_57.ksh <-- hp_sf113_23 /usr37/local/development/reports/inputs jec_cut_35_57.ksh
2004.06.23 13:29 A C:\Unix_my_scripts\UNIX\Unix_scripts\Unix_scr_062304\jec_cut_57v.ksh <-- hp_sf113_23 /usr37/local/development/reports/inputs jec_cut_57v.ksh
2004.06.23 13:29 A C:\Unix_my_scripts\UNIX\Unix_scripts\Unix_scr_062304\jec_grep26_donnita_2.ksh <-- hp_sf113_23 /usr37/local/development/reports/inputs jec_grep26_donnita_2.ksh
2004.06.23 13:29 A C:\Unix_my_scripts\UNIX\Unix_scripts\Unix_scr_062304\jec_opm_hrs.ksh <-- hp_sf113_23 /usr37/local/development/reports/inputs jec_opm_hrs.ksh
2004.06.23 13:29 A C:\Unix_my_scripts\UNIX\Unix_scripts\Unix_scr_062304\jec_opm_sptid_check.ksh <-- hp_sf113_23 /usr37/local/development/reports/inputs jec_opm_sptid_check.ksh
2004.06.23 13:29 A C:\Unix_my_scripts\UNIX\Unix_scripts\Unix_scr_062304\jec_orig_pos_1 <-- hp_sf113_23 /usr37/local/development/reports/inputs jec_orig_pos_1
2004.06.23 13:29 A C:\Unix_my_scripts\UNIX\Unix_scripts\Unix_scr_062304\jec_pos.ksh <-- hp_sf113_23 /usr37/local/development/reports/inputs jec_pos.ksh
2004.06.23 13:29 A C:\Unix_my_scripts\UNIX\Unix_scripts\Unix_scr_062304\Jec_pos_ten <-- hp_sf113_23 /usr37/local/development/reports/inputs Jec_pos_ten
2004.06.23 13:29 A C:\Unix_my_scripts\UNIX\Unix_scripts\Unix_scr_062304\Jec_pos_ten_orig <-- hp_sf113_23 /usr37/local/development/reports/inputs Jec_pos_ten_orig
2004.06.23 13:29 A C:\Unix_my_scripts\UNIX\Unix_scripts\Unix_scr_062304\jec_sed_57.ksh <-- hp_sf113_23 /usr37/local/development/reports/inputs jec_sed_57.ksh
2004.06.23 13:29 A C:\Unix_my_scripts\UNIX\Unix_scripts\Unix_scr_062304\jec_sed_gsa.ksh <-- hp_sf113_23 /usr37/local/development/reports/inputs jec_sed_gsa.ksh
2004.06.23 13:29 A C:\Unix_my_scripts\UNIX\Unix_scripts\Unix_scr_062304\jec_test_57.ksh <-- hp_sf113_23 /usr37/local/development/reports/inputs jec_test_57.ksh
2004.06.23 13:29 A C:\Unix_my_scripts\UNIX\Unix_scripts\Unix_scr_062304\jec_tr_57.ksh <-- hp_sf113_23 /usr37/local/development/reports/inputs jec_tr_57.ksh
2004.06.23 13:31 A C:\Unix_my_scripts\UNIX\Unix_scripts\Unix_scr_062304\jec_0126.ksh <-- hp_sf113_23 /usr37/local/development/reports/scripts jec_0126.ksh
2004.06.23 13:31 A C:\Unix_my_scripts\UNIX\Unix_scripts\Unix_scr_062304\jec_ls-l.ksh <-- hp_sf113_23 /usr37/local/development/reports/scripts jec_ls-l.ksh
2004.06.23 13:31 A C:\Unix_my_scripts\UNIX\Unix_scripts\Unix_scr_062304\jec_pay_rate.ksh <-- hp_sf113_23 /usr37/local/development/reports/scripts jec_pay_rate.ksh
